{"/home/vitorandrey/supermercado.app/App.tsx": {"path":"/home/vitorandrey/supermercado.app/App.tsx","statementMap":{"0":{"start":{"line":11,"column":22},"end":{"line":13,"column":4}},"1":{"start":{"line":15,"column":2},"end":{"line":21,"column":4}}},"fnMap":{"0":{"name":"App","decl":{"start":{"line":10,"column":24},"end":{"line":10,"column":27}},"loc":{"start":{"line":10,"column":30},"end":{"line":22,"column":1}},"line":10}},"branchMap":{"0":{"loc":{"start":{"line":19,"column":7},"end":{"line":19,"column":45}},"type":"cond-expr","locations":[{"start":{"line":19,"column":21},"end":{"line":19,"column":31}},{"start":{"line":19,"column":34},"end":{"line":19,"column":45}}],"line":19}},"s":{"0":0,"1":0},"f":{"0":0},"b":{"0":[0,0]}}
,"/home/vitorandrey/supermercado.app/src/components/layout/AppProvider.tsx": {"path":"/home/vitorandrey/supermercado.app/src/components/layout/AppProvider.tsx","statementMap":{"0":{"start":{"line":11,"column":2},"end":{"line":21,"column":4}}},"fnMap":{"0":{"name":"AppProvider","decl":{"start":{"line":10,"column":16},"end":{"line":10,"column":27}},"loc":{"start":{"line":10,"column":73},"end":{"line":22,"column":1}},"line":10}},"branchMap":{},"s":{"0":0},"f":{"0":0},"b":{}}
,"/home/vitorandrey/supermercado.app/src/components/layout/Header.tsx": {"path":"/home/vitorandrey/supermercado.app/src/components/layout/Header.tsx","statementMap":{"0":{"start":{"line":9,"column":2},"end":{"line":21,"column":4}}},"fnMap":{"0":{"name":"Header","decl":{"start":{"line":8,"column":16},"end":{"line":8,"column":22}},"loc":{"start":{"line":8,"column":60},"end":{"line":22,"column":1}},"line":8}},"branchMap":{},"s":{"0":0},"f":{"0":0},"b":{}}
,"/home/vitorandrey/supermercado.app/src/components/layout/IconeCategoria.tsx": {"path":"/home/vitorandrey/supermercado.app/src/components/layout/IconeCategoria.tsx","statementMap":{"0":{"start":{"line":11,"column":2},"end":{"line":18,"column":4}},"1":{"start":{"line":13,"column":21},"end":{"line":13,"column":34}}},"fnMap":{"0":{"name":"IconeCategoria","decl":{"start":{"line":10,"column":16},"end":{"line":10,"column":30}},"loc":{"start":{"line":10,"column":71},"end":{"line":19,"column":1}},"line":10},"1":{"name":"(anonymous_1)","decl":{"start":{"line":13,"column":15},"end":{"line":13,"column":16}},"loc":{"start":{"line":13,"column":21},"end":{"line":13,"column":34}},"line":13}},"branchMap":{},"s":{"0":0,"1":0},"f":{"0":0,"1":0},"b":{}}
,"/home/vitorandrey/supermercado.app/src/components/layout/Loading.tsx": {"path":"/home/vitorandrey/supermercado.app/src/components/layout/Loading.tsx","statementMap":{"0":{"start":{"line":4,"column":2},"end":{"line":8,"column":4}}},"fnMap":{"0":{"name":"Loading","decl":{"start":{"line":3,"column":16},"end":{"line":3,"column":23}},"loc":{"start":{"line":3,"column":26},"end":{"line":9,"column":1}},"line":3}},"branchMap":{},"s":{"0":0},"f":{"0":0},"b":{}}
,"/home/vitorandrey/supermercado.app/src/components/layout/Logo.tsx": {"path":"/home/vitorandrey/supermercado.app/src/components/layout/Logo.tsx","statementMap":{"0":{"start":{"line":7,"column":2},"end":{"line":13,"column":4}}},"fnMap":{"0":{"name":"Logo","decl":{"start":{"line":6,"column":16},"end":{"line":6,"column":20}},"loc":{"start":{"line":6,"column":56},"end":{"line":14,"column":1}},"line":6}},"branchMap":{},"s":{"0":0},"f":{"0":0},"b":{}}
,"/home/vitorandrey/supermercado.app/src/components/layout/ProductItemList.tsx": {"path":"/home/vitorandrey/supermercado.app/src/components/layout/ProductItemList.tsx","statementMap":{"0":{"start":{"line":13,"column":2},"end":{"line":19,"column":4}}},"fnMap":{"0":{"name":"ProductItemList","decl":{"start":{"line":12,"column":16},"end":{"line":12,"column":31}},"loc":{"start":{"line":12,"column":67},"end":{"line":20,"column":1}},"line":12}},"branchMap":{},"s":{"0":0},"f":{"0":0},"b":{}}
,"/home/vitorandrey/supermercado.app/src/components/ui/Btn.tsx": {"path":"/home/vitorandrey/supermercado.app/src/components/ui/Btn.tsx","statementMap":{"0":{"start":{"line":9,"column":2},"end":{"line":17,"column":4}}},"fnMap":{"0":{"name":"Btn","decl":{"start":{"line":8,"column":16},"end":{"line":8,"column":19}},"loc":{"start":{"line":8,"column":53},"end":{"line":18,"column":1}},"line":8}},"branchMap":{},"s":{"0":0},"f":{"0":0},"b":{}}
,"/home/vitorandrey/supermercado.app/src/components/ui/CartIcon.tsx": {"path":"/home/vitorandrey/supermercado.app/src/components/ui/CartIcon.tsx","statementMap":{"0":{"start":{"line":11,"column":23},"end":{"line":11,"column":54}},"1":{"start":{"line":13,"column":21},"end":{"line":13,"column":36}},"2":{"start":{"line":15,"column":2},"end":{"line":24,"column":4}}},"fnMap":{"0":{"name":"CartIcon","decl":{"start":{"line":10,"column":16},"end":{"line":10,"column":24}},"loc":{"start":{"line":10,"column":51},"end":{"line":25,"column":1}},"line":10}},"branchMap":{"0":{"loc":{"start":{"line":18,"column":7},"end":{"line":22,"column":7}},"type":"binary-expr","locations":[{"start":{"line":18,"column":7},"end":{"line":18,"column":21}},{"start":{},"end":{}}],"line":18}},"s":{"0":0,"1":0,"2":0},"f":{"0":0},"b":{"0":[0,0]}}
,"/home/vitorandrey/supermercado.app/src/components/ui/Input.tsx": {"path":"/home/vitorandrey/supermercado.app/src/components/ui/Input.tsx","statementMap":{"0":{"start":{"line":22,"column":2},"end":{"line":41,"column":4}}},"fnMap":{"0":{"name":"Input","decl":{"start":{"line":13,"column":16},"end":{"line":13,"column":21}},"loc":{"start":{"line":21,"column":15},"end":{"line":42,"column":1}},"line":21}},"branchMap":{},"s":{"0":0},"f":{"0":0},"b":{}}
,"/home/vitorandrey/supermercado.app/src/components/ui/InputError.tsx": {"path":"/home/vitorandrey/supermercado.app/src/components/ui/InputError.tsx","statementMap":{"0":{"start":{"line":5,"column":2},"end":{"line":9,"column":4}}},"fnMap":{"0":{"name":"InputError","decl":{"start":{"line":4,"column":16},"end":{"line":4,"column":26}},"loc":{"start":{"line":4,"column":29},"end":{"line":10,"column":1}},"line":4}},"branchMap":{},"s":{"0":0},"f":{"0":0},"b":{}}
,"/home/vitorandrey/supermercado.app/src/components/ui/SearchBar.tsx": {"path":"/home/vitorandrey/supermercado.app/src/components/ui/SearchBar.tsx","statementMap":{"0":{"start":{"line":8,"column":2},"end":{"line":16,"column":4}}},"fnMap":{"0":{"name":"SearchBar","decl":{"start":{"line":7,"column":16},"end":{"line":7,"column":25}},"loc":{"start":{"line":7,"column":65},"end":{"line":17,"column":1}},"line":7}},"branchMap":{},"s":{"0":0},"f":{"0":0},"b":{}}
,"/home/vitorandrey/supermercado.app/src/components/ui/Text.tsx": {"path":"/home/vitorandrey/supermercado.app/src/components/ui/Text.tsx","statementMap":{"0":{"start":{"line":9,"column":2},"end":{"line":13,"column":4}}},"fnMap":{"0":{"name":"Text","decl":{"start":{"line":8,"column":16},"end":{"line":8,"column":20}},"loc":{"start":{"line":8,"column":66},"end":{"line":14,"column":1}},"line":8}},"branchMap":{},"s":{"0":0},"f":{"0":0},"b":{}}
,"/home/vitorandrey/supermercado.app/src/components/ui/TextBtn.tsx": {"path":"/home/vitorandrey/supermercado.app/src/components/ui/TextBtn.tsx","statementMap":{"0":{"start":{"line":9,"column":2},"end":{"line":15,"column":4}}},"fnMap":{"0":{"name":"TextBtn","decl":{"start":{"line":8,"column":16},"end":{"line":8,"column":23}},"loc":{"start":{"line":8,"column":61},"end":{"line":16,"column":1}},"line":8}},"branchMap":{},"s":{"0":0},"f":{"0":0},"b":{}}
,"/home/vitorandrey/supermercado.app/src/contexts/ShoppingList.tsx": {"path":"/home/vitorandrey/supermercado.app/src/contexts/ShoppingList.tsx","statementMap":{"0":{"start":{"line":11,"column":35},"end":{"line":13,"column":1}},"1":{"start":{"line":20,"column":34},"end":{"line":20,"column":57}},"2":{"start":{"line":23,"column":4},"end":{"line":23,"column":56}},"3":{"start":{"line":23,"column":31},"end":{"line":23,"column":54}},"4":{"start":{"line":27,"column":25},"end":{"line":27,"column":74}},"5":{"start":{"line":27,"column":51},"end":{"line":27,"column":73}},"6":{"start":{"line":28,"column":4},"end":{"line":28,"column":30}},"7":{"start":{"line":31,"column":2},"end":{"line":37,"column":4}}},"fnMap":{"0":{"name":"ShoppingListProvider","decl":{"start":{"line":15,"column":16},"end":{"line":15,"column":36}},"loc":{"start":{"line":19,"column":3},"end":{"line":38,"column":1}},"line":19},"1":{"name":"addProduct","decl":{"start":{"line":22,"column":11},"end":{"line":22,"column":21}},"loc":{"start":{"line":22,"column":40},"end":{"line":24,"column":3}},"line":22},"2":{"name":"(anonymous_2)","decl":{"start":{"line":23,"column":16},"end":{"line":23,"column":17}},"loc":{"start":{"line":23,"column":31},"end":{"line":23,"column":54}},"line":23},"3":{"name":"removeProduct","decl":{"start":{"line":26,"column":11},"end":{"line":26,"column":24}},"loc":{"start":{"line":26,"column":43},"end":{"line":29,"column":3}},"line":26},"4":{"name":"(anonymous_4)","decl":{"start":{"line":27,"column":41},"end":{"line":27,"column":42}},"loc":{"start":{"line":27,"column":51},"end":{"line":27,"column":73}},"line":27}},"branchMap":{},"s":{"0":0,"1":0,"2":0,"3":0,"4":0,"5":0,"6":0,"7":0},"f":{"0":0,"1":0,"2":0,"3":0,"4":0},"b":{}}
,"/home/vitorandrey/supermercado.app/src/contexts/UserContext.tsx": {"path":"/home/vitorandrey/supermercado.app/src/contexts/UserContext.tsx","statementMap":{"0":{"start":{"line":9,"column":27},"end":{"line":9,"column":63}},"1":{"start":{"line":12,"column":42},"end":{"line":12,"column":66}},"2":{"start":{"line":15,"column":4},"end":{"line":15,"column":26}},"3":{"start":{"line":19,"column":4},"end":{"line":19,"column":27}},"4":{"start":{"line":22,"column":2},"end":{"line":28,"column":4}}},"fnMap":{"0":{"name":"UserContextProvider","decl":{"start":{"line":11,"column":16},"end":{"line":11,"column":35}},"loc":{"start":{"line":11,"column":75},"end":{"line":29,"column":1}},"line":11},"1":{"name":"handleUserLogged","decl":{"start":{"line":14,"column":11},"end":{"line":14,"column":27}},"loc":{"start":{"line":14,"column":30},"end":{"line":16,"column":3}},"line":14},"2":{"name":"handleUserUnlogged","decl":{"start":{"line":18,"column":11},"end":{"line":18,"column":29}},"loc":{"start":{"line":18,"column":32},"end":{"line":20,"column":3}},"line":18}},"branchMap":{},"s":{"0":0,"1":0,"2":0,"3":0,"4":0},"f":{"0":0,"1":0,"2":0},"b":{}}
,"/home/vitorandrey/supermercado.app/src/models/index.ts": {"path":"/home/vitorandrey/supermercado.app/src/models/index.ts","statementMap":{},"fnMap":{},"branchMap":{},"s":{},"f":{},"b":{}}
,"/home/vitorandrey/supermercado.app/src/routes/app.routes.tsx": {"path":"/home/vitorandrey/supermercado.app/src/routes/app.routes.tsx","statementMap":{"0":{"start":{"line":31,"column":30},"end":{"line":31,"column":67}},"1":{"start":{"line":34,"column":2},"end":{"line":78,"column":4}},"2":{"start":{"line":53,"column":46},"end":{"line":53,"column":76}},"3":{"start":{"line":58,"column":46},"end":{"line":58,"column":69}},"4":{"start":{"line":63,"column":46},"end":{"line":63,"column":67}},"5":{"start":{"line":69,"column":46},"end":{"line":69,"column":72}},"6":{"start":{"line":75,"column":46},"end":{"line":75,"column":69}}},"fnMap":{"0":{"name":"AppRoutes","decl":{"start":{"line":33,"column":16},"end":{"line":33,"column":25}},"loc":{"start":{"line":33,"column":28},"end":{"line":79,"column":1}},"line":33},"1":{"name":"(anonymous_1)","decl":{"start":{"line":53,"column":31},"end":{"line":53,"column":32}},"loc":{"start":{"line":53,"column":46},"end":{"line":53,"column":76}},"line":53},"2":{"name":"(anonymous_2)","decl":{"start":{"line":58,"column":31},"end":{"line":58,"column":32}},"loc":{"start":{"line":58,"column":46},"end":{"line":58,"column":69}},"line":58},"3":{"name":"(anonymous_3)","decl":{"start":{"line":63,"column":31},"end":{"line":63,"column":32}},"loc":{"start":{"line":63,"column":46},"end":{"line":63,"column":67}},"line":63},"4":{"name":"(anonymous_4)","decl":{"start":{"line":69,"column":31},"end":{"line":69,"column":32}},"loc":{"start":{"line":69,"column":46},"end":{"line":69,"column":72}},"line":69},"5":{"name":"(anonymous_5)","decl":{"start":{"line":75,"column":31},"end":{"line":75,"column":32}},"loc":{"start":{"line":75,"column":46},"end":{"line":75,"column":69}},"line":75}},"branchMap":{},"s":{"0":0,"1":0,"2":0,"3":0,"4":0,"5":0,"6":0},"f":{"0":0,"1":0,"2":0,"3":0,"4":0,"5":0},"b":{}}
,"/home/vitorandrey/supermercado.app/src/routes/auth.routes.tsx": {"path":"/home/vitorandrey/supermercado.app/src/routes/auth.routes.tsx","statementMap":{"0":{"start":{"line":18,"column":30},"end":{"line":18,"column":70}},"1":{"start":{"line":21,"column":2},"end":{"line":27,"column":4}}},"fnMap":{"0":{"name":"AuthRoutes","decl":{"start":{"line":20,"column":16},"end":{"line":20,"column":26}},"loc":{"start":{"line":20,"column":29},"end":{"line":28,"column":1}},"line":20}},"branchMap":{},"s":{"0":0,"1":0},"f":{"0":0},"b":{}}
,"/home/vitorandrey/supermercado.app/src/routes/index.tsx": {"path":"/home/vitorandrey/supermercado.app/src/routes/index.tsx","statementMap":{"0":{"start":{"line":10,"column":27},"end":{"line":10,"column":50}},"1":{"start":{"line":12,"column":2},"end":{"line":18,"column":4}}},"fnMap":{"0":{"name":"Routes","decl":{"start":{"line":9,"column":16},"end":{"line":9,"column":22}},"loc":{"start":{"line":9,"column":25},"end":{"line":19,"column":1}},"line":9}},"branchMap":{"0":{"loc":{"start":{"line":15,"column":9},"end":{"line":15,"column":54}},"type":"cond-expr","locations":[{"start":{"line":15,"column":24},"end":{"line":15,"column":37}},{"start":{"line":15,"column":40},"end":{"line":15,"column":54}}],"line":15}},"s":{"0":0,"1":0},"f":{"0":0},"b":{"0":[0,0]}}
,"/home/vitorandrey/supermercado.app/src/screens/Cadastro.tsx": {"path":"/home/vitorandrey/supermercado.app/src/screens/Cadastro.tsx","statementMap":{"0":{"start":{"line":16,"column":15},"end":{"line":32,"column":13}},"1":{"start":{"line":37,"column":21},"end":{"line":37,"column":63}},"2":{"start":{"line":44,"column":6},"end":{"line":46,"column":4}},"3":{"start":{"line":47,"column":19},"end":{"line":51,"column":3}},"4":{"start":{"line":48,"column":4},"end":{"line":48,"column":22}},"5":{"start":{"line":49,"column":4},"end":{"line":49,"column":12}},"6":{"start":{"line":50,"column":4},"end":{"line":50,"column":19}},"7":{"start":{"line":54,"column":4},"end":{"line":54,"column":33}},"8":{"start":{"line":56,"column":2},"end":{"line":157,"column":4}},"9":{"start":{"line":74,"column":14},"end":{"line":79,"column":16}},"10":{"start":{"line":94,"column":14},"end":{"line":99,"column":16}},"11":{"start":{"line":114,"column":14},"end":{"line":119,"column":16}},"12":{"start":{"line":134,"column":14},"end":{"line":139,"column":16}}},"fnMap":{"0":{"name":"Cadastro","decl":{"start":{"line":36,"column":16},"end":{"line":36,"column":24}},"loc":{"start":{"line":36,"column":27},"end":{"line":158,"column":1}},"line":36},"1":{"name":"(anonymous_1)","decl":{"start":{"line":47,"column":19},"end":{"line":47,"column":20}},"loc":{"start":{"line":47,"column":39},"end":{"line":51,"column":3}},"line":47},"2":{"name":"navegarLogin","decl":{"start":{"line":53,"column":11},"end":{"line":53,"column":23}},"loc":{"start":{"line":53,"column":26},"end":{"line":55,"column":3}},"line":53},"3":{"name":"(anonymous_3)","decl":{"start":{"line":73,"column":20},"end":{"line":73,"column":21}},"loc":{"start":{"line":74,"column":14},"end":{"line":79,"column":16}},"line":74},"4":{"name":"(anonymous_4)","decl":{"start":{"line":93,"column":20},"end":{"line":93,"column":21}},"loc":{"start":{"line":94,"column":14},"end":{"line":99,"column":16}},"line":94},"5":{"name":"(anonymous_5)","decl":{"start":{"line":113,"column":20},"end":{"line":113,"column":21}},"loc":{"start":{"line":114,"column":14},"end":{"line":119,"column":16}},"line":114},"6":{"name":"(anonymous_6)","decl":{"start":{"line":133,"column":20},"end":{"line":133,"column":21}},"loc":{"start":{"line":134,"column":14},"end":{"line":139,"column":16}},"line":134}},"branchMap":{"0":{"loc":{"start":{"line":84,"column":13},"end":{"line":88,"column":13}},"type":"binary-expr","locations":[{"start":{"line":84,"column":13},"end":{"line":84,"column":24}},{"start":{},"end":{}}],"line":84},"1":{"loc":{"start":{"line":104,"column":13},"end":{"line":108,"column":13}},"type":"binary-expr","locations":[{"start":{"line":104,"column":13},"end":{"line":104,"column":25}},{"start":{},"end":{}}],"line":104},"2":{"loc":{"start":{"line":124,"column":13},"end":{"line":128,"column":13}},"type":"binary-expr","locations":[{"start":{"line":124,"column":13},"end":{"line":124,"column":26}},{"start":{},"end":{}}],"line":124},"3":{"loc":{"start":{"line":144,"column":13},"end":{"line":148,"column":13}},"type":"binary-expr","locations":[{"start":{"line":144,"column":13},"end":{"line":144,"column":33}},{"start":{},"end":{}}],"line":144}},"s":{"0":0,"1":0,"2":0,"3":0,"4":0,"5":0,"6":0,"7":0,"8":0,"9":0,"10":0,"11":0,"12":0},"f":{"0":0,"1":0,"2":0,"3":0,"4":0,"5":0,"6":0},"b":{"0":[0,0],"1":[0,0],"2":[0,0],"3":[0,0]}}
,"/home/vitorandrey/supermercado.app/src/screens/Cart.tsx": {"path":"/home/vitorandrey/supermercado.app/src/screens/Cart.tsx","statementMap":{"0":{"start":{"line":4,"column":2},"end":{"line":8,"column":4}}},"fnMap":{"0":{"name":"Cart","decl":{"start":{"line":3,"column":16},"end":{"line":3,"column":20}},"loc":{"start":{"line":3,"column":23},"end":{"line":9,"column":1}},"line":3}},"branchMap":{},"s":{"0":0},"f":{"0":0},"b":{}}
,"/home/vitorandrey/supermercado.app/src/screens/Compras.tsx": {"path":"/home/vitorandrey/supermercado.app/src/screens/Compras.tsx","statementMap":{"0":{"start":{"line":18,"column":38},"end":{"line":18,"column":60}},"1":{"start":{"line":19,"column":34},"end":{"line":19,"column":55}},"2":{"start":{"line":20,"column":32},"end":{"line":20,"column":54}},"3":{"start":{"line":23,"column":4},"end":{"line":23,"column":35}},"4":{"start":{"line":26,"column":4},"end":{"line":26,"column":19}},"5":{"start":{"line":30,"column":29},"end":{"line":30,"column":57}},"6":{"start":{"line":31,"column":4},"end":{"line":31,"column":34}},"7":{"start":{"line":35,"column":27},"end":{"line":35,"column":50}},"8":{"start":{"line":36,"column":4},"end":{"line":36,"column":34}},"9":{"start":{"line":39,"column":2},"end":{"line":41,"column":16}},"10":{"start":{"line":40,"column":4},"end":{"line":40,"column":26}},"11":{"start":{"line":43,"column":2},"end":{"line":45,"column":9}},"12":{"start":{"line":44,"column":4},"end":{"line":44,"column":28}},"13":{"start":{"line":47,"column":2},"end":{"line":86,"column":4}},"14":{"start":{"line":62,"column":14},"end":{"line":62,"column":78}},"15":{"start":{"line":64,"column":36},"end":{"line":64,"column":43}},"16":{"start":{"line":75,"column":38},"end":{"line":75,"column":72}},"17":{"start":{"line":76,"column":36},"end":{"line":76,"column":43}}},"fnMap":{"0":{"name":"Compras","decl":{"start":{"line":17,"column":16},"end":{"line":17,"column":23}},"loc":{"start":{"line":17,"column":26},"end":{"line":87,"column":1}},"line":17},"1":{"name":"handleToggleQueryParams","decl":{"start":{"line":25,"column":11},"end":{"line":25,"column":34}},"loc":{"start":{"line":25,"column":37},"end":{"line":27,"column":3}},"line":25},"2":{"name":"handleFecthProducts","decl":{"start":{"line":29,"column":17},"end":{"line":29,"column":36}},"loc":{"start":{"line":29,"column":39},"end":{"line":32,"column":3}},"line":29},"3":{"name":"handleFecthCategories","decl":{"start":{"line":34,"column":17},"end":{"line":34,"column":38}},"loc":{"start":{"line":34,"column":41},"end":{"line":37,"column":3}},"line":34},"4":{"name":"(anonymous_4)","decl":{"start":{"line":39,"column":12},"end":{"line":39,"column":13}},"loc":{"start":{"line":39,"column":18},"end":{"line":41,"column":3}},"line":39},"5":{"name":"(anonymous_5)","decl":{"start":{"line":43,"column":12},"end":{"line":43,"column":13}},"loc":{"start":{"line":43,"column":18},"end":{"line":45,"column":3}},"line":43},"6":{"name":"(anonymous_6)","decl":{"start":{"line":61,"column":24},"end":{"line":61,"column":25}},"loc":{"start":{"line":62,"column":14},"end":{"line":62,"column":78}},"line":62},"7":{"name":"(anonymous_7)","decl":{"start":{"line":64,"column":26},"end":{"line":64,"column":27}},"loc":{"start":{"line":64,"column":36},"end":{"line":64,"column":43}},"line":64},"8":{"name":"(anonymous_8)","decl":{"start":{"line":75,"column":24},"end":{"line":75,"column":25}},"loc":{"start":{"line":75,"column":38},"end":{"line":75,"column":72}},"line":75},"9":{"name":"(anonymous_9)","decl":{"start":{"line":76,"column":26},"end":{"line":76,"column":27}},"loc":{"start":{"line":76,"column":36},"end":{"line":76,"column":43}},"line":76}},"branchMap":{},"s":{"0":0,"1":0,"2":0,"3":0,"4":0,"5":0,"6":0,"7":0,"8":0,"9":0,"10":0,"11":0,"12":0,"13":0,"14":0,"15":0,"16":0,"17":0},"f":{"0":0,"1":0,"2":0,"3":0,"4":0,"5":0,"6":0,"7":0,"8":0,"9":0},"b":{}}
,"/home/vitorandrey/supermercado.app/src/screens/Inicio.tsx": {"path":"/home/vitorandrey/supermercado.app/src/screens/Inicio.tsx","statementMap":{"0":{"start":{"line":13,"column":21},"end":{"line":13,"column":63}},"1":{"start":{"line":16,"column":4},"end":{"line":16,"column":36}},"2":{"start":{"line":20,"column":4},"end":{"line":20,"column":33}},"3":{"start":{"line":23,"column":2},"end":{"line":45,"column":4}}},"fnMap":{"0":{"name":"Inicio","decl":{"start":{"line":12,"column":16},"end":{"line":12,"column":22}},"loc":{"start":{"line":12,"column":25},"end":{"line":46,"column":1}},"line":12},"1":{"name":"navegarCadastro","decl":{"start":{"line":15,"column":11},"end":{"line":15,"column":26}},"loc":{"start":{"line":15,"column":29},"end":{"line":17,"column":3}},"line":15},"2":{"name":"handleNavigateLogin","decl":{"start":{"line":19,"column":11},"end":{"line":19,"column":30}},"loc":{"start":{"line":19,"column":33},"end":{"line":21,"column":3}},"line":19}},"branchMap":{},"s":{"0":0,"1":0,"2":0,"3":0},"f":{"0":0,"1":0,"2":0},"b":{}}
,"/home/vitorandrey/supermercado.app/src/screens/Login.tsx": {"path":"/home/vitorandrey/supermercado.app/src/screens/Login.tsx","statementMap":{"0":{"start":{"line":16,"column":15},"end":{"line":27,"column":13}},"1":{"start":{"line":32,"column":31},"end":{"line":32,"column":54}},"2":{"start":{"line":39,"column":6},"end":{"line":41,"column":4}},"3":{"start":{"line":42,"column":19},"end":{"line":46,"column":3}},"4":{"start":{"line":43,"column":4},"end":{"line":43,"column":22}},"5":{"start":{"line":44,"column":4},"end":{"line":44,"column":12}},"6":{"start":{"line":45,"column":4},"end":{"line":45,"column":22}},"7":{"start":{"line":51,"column":4},"end":{"line":51,"column":23}},"8":{"start":{"line":54,"column":2},"end":{"line":115,"column":4}},"9":{"start":{"line":72,"column":14},"end":{"line":77,"column":16}},"10":{"start":{"line":92,"column":14},"end":{"line":97,"column":16}}},"fnMap":{"0":{"name":"Login","decl":{"start":{"line":31,"column":16},"end":{"line":31,"column":21}},"loc":{"start":{"line":31,"column":24},"end":{"line":116,"column":1}},"line":31},"1":{"name":"(anonymous_1)","decl":{"start":{"line":42,"column":19},"end":{"line":42,"column":20}},"loc":{"start":{"line":42,"column":39},"end":{"line":46,"column":3}},"line":42},"2":{"name":"handleUserLogin","decl":{"start":{"line":48,"column":11},"end":{"line":48,"column":26}},"loc":{"start":{"line":48,"column":29},"end":{"line":52,"column":3}},"line":48},"3":{"name":"(anonymous_3)","decl":{"start":{"line":71,"column":20},"end":{"line":71,"column":21}},"loc":{"start":{"line":72,"column":14},"end":{"line":77,"column":16}},"line":72},"4":{"name":"(anonymous_4)","decl":{"start":{"line":91,"column":20},"end":{"line":91,"column":21}},"loc":{"start":{"line":92,"column":14},"end":{"line":97,"column":16}},"line":92}},"branchMap":{"0":{"loc":{"start":{"line":82,"column":13},"end":{"line":86,"column":13}},"type":"binary-expr","locations":[{"start":{"line":82,"column":13},"end":{"line":82,"column":25}},{"start":{},"end":{}}],"line":82},"1":{"loc":{"start":{"line":102,"column":13},"end":{"line":106,"column":13}},"type":"binary-expr","locations":[{"start":{"line":102,"column":13},"end":{"line":102,"column":26}},{"start":{},"end":{}}],"line":102}},"s":{"0":0,"1":0,"2":0,"3":0,"4":0,"5":0,"6":0,"7":0,"8":0,"9":0,"10":0},"f":{"0":0,"1":0,"2":0,"3":0,"4":0},"b":{"0":[0,0],"1":[0,0]}}
,"/home/vitorandrey/supermercado.app/src/screens/Mapa.tsx": {"path":"/home/vitorandrey/supermercado.app/src/screens/Mapa.tsx","statementMap":{"0":{"start":{"line":8,"column":2},"end":{"line":12,"column":4}}},"fnMap":{"0":{"name":"Mapa","decl":{"start":{"line":7,"column":16},"end":{"line":7,"column":20}},"loc":{"start":{"line":7,"column":23},"end":{"line":13,"column":1}},"line":7}},"branchMap":{},"s":{"0":0},"f":{"0":0},"b":{}}
,"/home/vitorandrey/supermercado.app/src/screens/Perfil.tsx": {"path":"/home/vitorandrey/supermercado.app/src/screens/Perfil.tsx","statementMap":{"0":{"start":{"line":7,"column":33},"end":{"line":7,"column":56}},"1":{"start":{"line":11,"column":4},"end":{"line":11,"column":25}},"2":{"start":{"line":14,"column":2},"end":{"line":20,"column":4}}},"fnMap":{"0":{"name":"Perfil","decl":{"start":{"line":6,"column":16},"end":{"line":6,"column":22}},"loc":{"start":{"line":6,"column":25},"end":{"line":21,"column":1}},"line":6},"1":{"name":"handleLoggOut","decl":{"start":{"line":9,"column":11},"end":{"line":9,"column":24}},"loc":{"start":{"line":9,"column":27},"end":{"line":12,"column":3}},"line":9}},"branchMap":{},"s":{"0":0,"1":0,"2":0},"f":{"0":0,"1":0},"b":{}}
,"/home/vitorandrey/supermercado.app/src/screens/Sales.tsx": {"path":"/home/vitorandrey/supermercado.app/src/screens/Sales.tsx","statementMap":{"0":{"start":{"line":5,"column":2},"end":{"line":9,"column":4}}},"fnMap":{"0":{"name":"Sales","decl":{"start":{"line":4,"column":16},"end":{"line":4,"column":21}},"loc":{"start":{"line":4,"column":24},"end":{"line":10,"column":1}},"line":4}},"branchMap":{},"s":{"0":0},"f":{"0":0},"b":{}}
,"/home/vitorandrey/supermercado.app/src/services/get.ts": {"path":"/home/vitorandrey/supermercado.app/src/services/get.ts","statementMap":{"0":{"start":{"line":2,"column":2},"end":{"line":58,"column":4}},"1":{"start":{"line":62,"column":2},"end":{"line":226,"column":4}}},"fnMap":{"0":{"name":"fetchProducts","decl":{"start":{"line":1,"column":16},"end":{"line":1,"column":29}},"loc":{"start":{"line":1,"column":54},"end":{"line":59,"column":1}},"line":1},"1":{"name":"fetchCategories","decl":{"start":{"line":61,"column":16},"end":{"line":61,"column":31}},"loc":{"start":{"line":61,"column":34},"end":{"line":227,"column":1}},"line":61}},"branchMap":{},"s":{"0":0,"1":0},"f":{"0":0,"1":0},"b":{}}
,"/home/vitorandrey/supermercado.app/src/utils/calcSalePrice.ts": {"path":"/home/vitorandrey/supermercado.app/src/utils/calcSalePrice.ts","statementMap":{"0":{"start":{"line":4,"column":44},"end":{"line":4,"column":51}},"1":{"start":{"line":6,"column":2},"end":{"line":6,"column":60}}},"fnMap":{"0":{"name":"calcTotalPrice","decl":{"start":{"line":3,"column":16},"end":{"line":3,"column":30}},"loc":{"start":{"line":3,"column":49},"end":{"line":7,"column":1}},"line":3}},"branchMap":{},"s":{"0":0,"1":0},"f":{"0":0},"b":{}}
}
