TN:
SF:App.tsx
FN:10,App
FNF:1
FNH:0
FNDA:0,App
DA:11,0
DA:15,0
LF:2
LH:0
BRDA:19,0,0,0
BRDA:19,0,1,0
BRF:2
BRH:0
end_of_record
TN:
SF:src/components/layout/AppProvider.tsx
FN:10,AppProvider
FNF:1
FNH:0
FNDA:0,AppProvider
DA:11,0
LF:1
LH:0
BRF:0
BRH:0
end_of_record
TN:
SF:src/components/layout/Header.tsx
FN:8,Header
FNF:1
FNH:0
FNDA:0,Header
DA:9,0
LF:1
LH:0
BRF:0
BRH:0
end_of_record
TN:
SF:src/components/layout/IconeCategoria.tsx
FN:10,IconeCategoria
FN:13,(anonymous_1)
FNF:2
FNH:0
FNDA:0,IconeCategoria
FNDA:0,(anonymous_1)
DA:11,0
DA:13,0
LF:2
LH:0
BRF:0
BRH:0
end_of_record
TN:
SF:src/components/layout/Loading.tsx
FN:3,Loading
FNF:1
FNH:0
FNDA:0,Loading
DA:4,0
LF:1
LH:0
BRF:0
BRH:0
end_of_record
TN:
SF:src/components/layout/Logo.tsx
FN:6,Logo
FNF:1
FNH:0
FNDA:0,Logo
DA:7,0
LF:1
LH:0
BRF:0
BRH:0
end_of_record
TN:
SF:src/components/layout/ProductItemList.tsx
FN:12,ProductItemList
FNF:1
FNH:0
FNDA:0,ProductItemList
DA:13,0
LF:1
LH:0
BRF:0
BRH:0
end_of_record
TN:
SF:src/components/ui/Btn.tsx
FN:8,Btn
FNF:1
FNH:0
FNDA:0,Btn
DA:9,0
LF:1
LH:0
BRF:0
BRH:0
end_of_record
TN:
SF:src/components/ui/CartIcon.tsx
FN:10,CartIcon
FNF:1
FNH:0
FNDA:0,CartIcon
DA:11,0
DA:13,0
DA:15,0
LF:3
LH:0
BRDA:18,0,0,0
BRDA:18,0,1,0
BRF:2
BRH:0
end_of_record
TN:
SF:src/components/ui/Input.tsx
FN:13,Input
FNF:1
FNH:0
FNDA:0,Input
DA:22,0
LF:1
LH:0
BRF:0
BRH:0
end_of_record
TN:
SF:src/components/ui/InputError.tsx
FN:4,InputError
FNF:1
FNH:0
FNDA:0,InputError
DA:5,0
LF:1
LH:0
BRF:0
BRH:0
end_of_record
TN:
SF:src/components/ui/SearchBar.tsx
FN:7,SearchBar
FNF:1
FNH:0
FNDA:0,SearchBar
DA:8,0
LF:1
LH:0
BRF:0
BRH:0
end_of_record
TN:
SF:src/components/ui/Text.tsx
FN:8,Text
FNF:1
FNH:0
FNDA:0,Text
DA:9,0
LF:1
LH:0
BRF:0
BRH:0
end_of_record
TN:
SF:src/components/ui/TextBtn.tsx
FN:8,TextBtn
FNF:1
FNH:0
FNDA:0,TextBtn
DA:9,0
LF:1
LH:0
BRF:0
BRH:0
end_of_record
TN:
SF:src/contexts/ShoppingList.tsx
FN:15,ShoppingListProvider
FN:22,addProduct
FN:23,(anonymous_2)
FN:26,removeProduct
FN:27,(anonymous_4)
FNF:5
FNH:0
FNDA:0,ShoppingListProvider
FNDA:0,addProduct
FNDA:0,(anonymous_2)
FNDA:0,removeProduct
FNDA:0,(anonymous_4)
DA:11,0
DA:20,0
DA:23,0
DA:27,0
DA:28,0
DA:31,0
LF:6
LH:0
BRF:0
BRH:0
end_of_record
TN:
SF:src/contexts/UserContext.tsx
FN:11,UserContextProvider
FN:14,handleUserLogged
FN:18,handleUserUnlogged
FNF:3
FNH:0
FNDA:0,UserContextProvider
FNDA:0,handleUserLogged
FNDA:0,handleUserUnlogged
DA:9,0
DA:12,0
DA:15,0
DA:19,0
DA:22,0
LF:5
LH:0
BRF:0
BRH:0
end_of_record
TN:
SF:src/models/index.ts
FNF:0
FNH:0
LF:0
LH:0
BRF:0
BRH:0
end_of_record
TN:
SF:src/routes/app.routes.tsx
FN:33,AppRoutes
FN:53,(anonymous_1)
FN:58,(anonymous_2)
FN:63,(anonymous_3)
FN:69,(anonymous_4)
FN:75,(anonymous_5)
FNF:6
FNH:0
FNDA:0,AppRoutes
FNDA:0,(anonymous_1)
FNDA:0,(anonymous_2)
FNDA:0,(anonymous_3)
FNDA:0,(anonymous_4)
FNDA:0,(anonymous_5)
DA:31,0
DA:34,0
DA:53,0
DA:58,0
DA:63,0
DA:69,0
DA:75,0
LF:7
LH:0
BRF:0
BRH:0
end_of_record
TN:
SF:src/routes/auth.routes.tsx
FN:20,AuthRoutes
FNF:1
FNH:0
FNDA:0,AuthRoutes
DA:18,0
DA:21,0
LF:2
LH:0
BRF:0
BRH:0
end_of_record
TN:
SF:src/routes/index.tsx
FN:9,Routes
FNF:1
FNH:0
FNDA:0,Routes
DA:10,0
DA:12,0
LF:2
LH:0
BRDA:15,0,0,0
BRDA:15,0,1,0
BRF:2
BRH:0
end_of_record
TN:
SF:src/screens/Cadastro.tsx
FN:36,Cadastro
FN:47,(anonymous_1)
FN:53,navegarLogin
FN:73,(anonymous_3)
FN:93,(anonymous_4)
FN:113,(anonymous_5)
FN:133,(anonymous_6)
FNF:7
FNH:0
FNDA:0,Cadastro
FNDA:0,(anonymous_1)
FNDA:0,navegarLogin
FNDA:0,(anonymous_3)
FNDA:0,(anonymous_4)
FNDA:0,(anonymous_5)
FNDA:0,(anonymous_6)
DA:16,0
DA:37,0
DA:44,0
DA:47,0
DA:48,0
DA:49,0
DA:50,0
DA:54,0
DA:56,0
DA:74,0
DA:94,0
DA:114,0
DA:134,0
LF:13
LH:0
BRDA:84,0,0,0
BRDA:84,0,1,0
BRDA:104,1,0,0
BRDA:104,1,1,0
BRDA:124,2,0,0
BRDA:124,2,1,0
BRDA:144,3,0,0
BRDA:144,3,1,0
BRF:8
BRH:0
end_of_record
TN:
SF:src/screens/Cart.tsx
FN:3,Cart
FNF:1
FNH:0
FNDA:0,Cart
DA:4,0
LF:1
LH:0
BRF:0
BRH:0
end_of_record
TN:
SF:src/screens/Compras.tsx
FN:17,Compras
FN:25,handleToggleQueryParams
FN:29,handleFecthProducts
FN:34,handleFecthCategories
FN:39,(anonymous_4)
FN:43,(anonymous_5)
FN:61,(anonymous_6)
FN:64,(anonymous_7)
FN:75,(anonymous_8)
FN:76,(anonymous_9)
FNF:10
FNH:0
FNDA:0,Compras
FNDA:0,handleToggleQueryParams
FNDA:0,handleFecthProducts
FNDA:0,handleFecthCategories
FNDA:0,(anonymous_4)
FNDA:0,(anonymous_5)
FNDA:0,(anonymous_6)
FNDA:0,(anonymous_7)
FNDA:0,(anonymous_8)
FNDA:0,(anonymous_9)
DA:18,0
DA:19,0
DA:20,0
DA:23,0
DA:26,0
DA:30,0
DA:31,0
DA:35,0
DA:36,0
DA:39,0
DA:40,0
DA:43,0
DA:44,0
DA:47,0
DA:62,0
DA:64,0
DA:75,0
DA:76,0
LF:18
LH:0
BRF:0
BRH:0
end_of_record
TN:
SF:src/screens/Inicio.tsx
FN:12,Inicio
FN:15,navegarCadastro
FN:19,handleNavigateLogin
FNF:3
FNH:0
FNDA:0,Inicio
FNDA:0,navegarCadastro
FNDA:0,handleNavigateLogin
DA:13,0
DA:16,0
DA:20,0
DA:23,0
LF:4
LH:0
BRF:0
BRH:0
end_of_record
TN:
SF:src/screens/Login.tsx
FN:31,Login
FN:42,(anonymous_1)
FN:48,handleUserLogin
FN:71,(anonymous_3)
FN:91,(anonymous_4)
FNF:5
FNH:0
FNDA:0,Login
FNDA:0,(anonymous_1)
FNDA:0,handleUserLogin
FNDA:0,(anonymous_3)
FNDA:0,(anonymous_4)
DA:16,0
DA:32,0
DA:39,0
DA:42,0
DA:43,0
DA:44,0
DA:45,0
DA:51,0
DA:54,0
DA:72,0
DA:92,0
LF:11
LH:0
BRDA:82,0,0,0
BRDA:82,0,1,0
BRDA:102,1,0,0
BRDA:102,1,1,0
BRF:4
BRH:0
end_of_record
TN:
SF:src/screens/Mapa.tsx
FN:7,Mapa
FNF:1
FNH:0
FNDA:0,Mapa
DA:8,0
LF:1
LH:0
BRF:0
BRH:0
end_of_record
TN:
SF:src/screens/Perfil.tsx
FN:6,Perfil
FN:9,handleLoggOut
FNF:2
FNH:0
FNDA:0,Perfil
FNDA:0,handleLoggOut
DA:7,0
DA:11,0
DA:14,0
LF:3
LH:0
BRF:0
BRH:0
end_of_record
TN:
SF:src/screens/Sales.tsx
FN:4,Sales
FNF:1
FNH:0
FNDA:0,Sales
DA:5,0
LF:1
LH:0
BRF:0
BRH:0
end_of_record
TN:
SF:src/services/get.ts
FN:1,fetchProducts
FN:61,fetchCategories
FNF:2
FNH:0
FNDA:0,fetchProducts
FNDA:0,fetchCategories
DA:2,0
DA:62,0
LF:2
LH:0
BRF:0
BRH:0
end_of_record
TN:
SF:src/utils/calcSalePrice.ts
FN:3,calcTotalPrice
FNF:1
FNH:0
FNDA:0,calcTotalPrice
DA:4,0
DA:6,0
LF:2
LH:0
BRF:0
BRH:0
end_of_record
